Received signal: test message
Received command: test message
Unrecognized command: test message
Received signal: chse
Received command: chse
Unrecognized command: chse
Received signal: chase
Received command: chase
Received signal: on
Received command: on
Received signal: on
Received command: on
Received signal: chase
Received command: chase
Received signal: chase
Received command: chase
Received signal: chase
Received command: chase
Received signal: chase
Received command: chase
Received signal: chase
Received command: chase
Received signal: chase
Received command: chase
Received signal: chase
Received command: chase
Received signal: chase
Received command: chase
Received signal: chase
Received command: chase
Received signal: on
Received command: on
Received signal: on
Received command: on
Received signal: chase
Received command: chase
Received signal: off
Received command: off
Received signal: on
Received command: on
Received signal: chase
Received command: chase
Received signal: chase
Received command: chase
Received signal: chase
Received command: chase
Received signal: chase
Received command: chase
